[buddsoft.com/templates/4/index.html]
[backblue.gif]
[fade.gif]
[index.html]
[buddsoft.com/templates/4/img/favicon.1.delayed]
[cdnjs.cloudflare.com/ajax/libs/font-awesome/5.10.0/css/all.min.css]
[cdn.jsdelivr.net/npm/bootstrap-icons@1.4.1/font/bootstrap-icons.css]
[buddsoft.com/templates/4/about.html]
[buddsoft.com/templates/4/service.html]
[buddsoft.com/templates/4/price.html]
[buddsoft.com/templates/4/team.html]
[buddsoft.com/templates/4/testimonial.html]
[buddsoft.com/templates/4/appointment.html]
[buddsoft.com/templates/4/contact.html]
[buddsoft.com/templates/4/img/carousel-1.jpg]
[buddsoft.com/templates/4/img/carousel-2.jpg]
[buddsoft.com/templates/4/img/about.jpg]
[buddsoft.com/templates/4/img/before.jpg]
[buddsoft.com/templates/4/img/after.jpg]
[buddsoft.com/templates/4/img/service-1.jpg]
[buddsoft.com/templates/4/img/service-2.jpg]
[buddsoft.com/templates/4/img/service-3.jpg]
[buddsoft.com/templates/4/img/service-4.jpg]
[buddsoft.com/templates/4/img/price-1.jpg]
[buddsoft.com/templates/4/img/price-2.jpg]
[buddsoft.com/templates/4/img/price-3.jpg]
[buddsoft.com/templates/4/img/testimonial-1.jpg]
[buddsoft.com/templates/4/img/testimonial-2.jpg]
[buddsoft.com/templates/4/img/team-1.jpg]
[buddsoft.com/templates/4/img/team-2.jpg]
[buddsoft.com/templates/4/img/team-3.jpg]
[buddsoft.com/templates/4/img/team-4.jpg]
[buddsoft.com/templates/4/img/team-5.jpg]
[code.jquery.com/jquery-3.4.1.min.js]
[cdn.jsdelivr.net/npm/bootstrap@5.0.0/dist/js/bootstrap.bundle.min.js]
[buddsoft.com/templates/4/lib/wow/wow.min.js]
[buddsoft.com/templates/4/lib/easing/easing.min.js]
[buddsoft.com/templates/4/lib/waypoints/waypoints.min.js]
[buddsoft.com/templates/4/lib/owlcarousel/owl.carousel.min.js]
[buddsoft.com/templates/4/lib/tempusdominus/js/moment.min.js]
[buddsoft.com/templates/4/lib/tempusdominus/js/moment-timezone.min.js]
[buddsoft.com/templates/4/lib/tempusdominus/js/tempusdominus-bootstrap-4.min.js]
[buddsoft.com/templates/4/lib/twentytwenty/jquery.event.move.js]
[buddsoft.com/templates/4/lib/twentytwenty/jquery.twentytwenty.js]
[buddsoft.com/templates/4/js/main.js]
[buddsoft.com/templates/4/index.html]
[buddsoft.com/templates/4/img/favicon.html]
[cdnjs.cloudflare.com/ajax/libs/font-awesome/5.10.0/css/all.min.css]
[cdn.jsdelivr.net/npm/bootstrap-icons@1.4.1/font/fonts/bootstrap-iconsfb95.woff2]
[cdn.jsdelivr.net/npm/bootstrap-icons@1.4.1/font/fonts/bootstrap-iconsfb95.woff]
[cdn.jsdelivr.net/npm/bootstrap-icons@1.4.1/font/bootstrap-icons.css]
[buddsoft.com/templates/4/lib/owlcarousel/assets/owl.video.play.png]
[buddsoft.com/templates/4/lib/owlcarousel/assets/owl.carousel.min.css]
[buddsoft.com/templates/4/lib/animate/animate.min.css]
[buddsoft.com/templates/4/lib/tempusdominus/css/tempusdominus-bootstrap-4.min.css]
[buddsoft.com/templates/4/lib/twentytwenty/twentytwenty.css]
[buddsoft.com/templates/4/css/bootstrap.min.css]
[buddsoft.com/templates/4/css/style.css]
[buddsoft.com/templates/4/about.html]
[buddsoft.com/templates/4/service.html]
[buddsoft.com/templates/4/price.html]
[buddsoft.com/templates/4/team.html]
[buddsoft.com/templates/4/testimonial.html]
[buddsoft.com/templates/4/appointment.html]
[buddsoft.com/templates/4/contact.html]
